Running: C:\xilinx\14.7\ISE_DS\ISE\bin\nt64\unwrapped\fuse.exe -intstyle ise -incremental -o C:/Users/bk/Desktop/NeoOrgan/kbdVGAconverter_tb_isim_beh.exe -prj C:/Users/bk/Desktop/NeoOrgan/kbdVGAconverter_tb_beh.prj work.kbdVGAconverter_tb 
ISim P.20131013 (signature 0x7708f090)
Number of CPUs detected in this system: 12
Turning on mult-threading, number of parallel sub-compilation jobs: 24 
Determining compilation order of HDL files
Parsing VHDL file "C:/Users/bk/Desktop/NeoOrgan/kbdVGAconverter.vhd" into library work
Parsing VHDL file "C:/Users/bk/Desktop/NeoOrgan/kbdVGAconverter_testbench.vhd" into library work
Starting static elaboration
Completed static elaboration
Compiling package standard
Compiling package std_logic_1164
Compiling package std_logic_arith
Compiling package std_logic_unsigned
Compiling architecture behavioral of entity kbdVGAconverter [kbdvgaconverter_default]
Compiling architecture behavioral of entity kbdvgaconverter_tb
Time Resolution for simulation is 1ps.
Compiled 7 VHDL Units
Built simulation executable C:/Users/bk/Desktop/NeoOrgan/kbdVGAconverter_tb_isim_beh.exe
Fuse Memory Usage: 34972 KB
Fuse CPU Usage: 249 ms
