Release 14.7 - xst P.20131013 (nt64)
Copyright (c) 1995-2013 Xilinx, Inc.  All rights reserved.
--> Parameter TMPDIR set to xst/projnav.tmp


Total REAL time to Xst completion: 0.00 secs
Total CPU time to Xst completion: 0.08 secs
 
--> Parameter xsthdpdir set to xst


Total REAL time to Xst completion: 0.00 secs
Total CPU time to Xst completion: 0.08 secs
 
--> Reading design: nieTylko_dacWrite_schematic.prj

TABLE OF CONTENTS
  1) Synthesis Options Summary
  2) HDL Compilation
  3) Design Hierarchy Analysis
  4) HDL Analysis
  5) HDL Synthesis
     5.1) HDL Synthesis Report
  6) Advanced HDL Synthesis
     6.1) Advanced HDL Synthesis Report
  7) Low Level Synthesis
  8) Partition Report
  9) Final Report
	9.1) Device utilization summary
	9.2) Partition Resource Summary
	9.3) TIMING REPORT


=========================================================================
*                      Synthesis Options Summary                        *
=========================================================================
---- Source Parameters
Input File Name                    : "nieTylko_dacWrite_schematic.prj"
Input Format                       : mixed
Ignore Synthesis Constraint File   : NO

---- Target Parameters
Output File Name                   : "nieTylko_dacWrite_schematic"
Output Format                      : NGC
Target Device                      : xc3s500e-4-fg320

---- Source Options
Top Module Name                    : nieTylko_dacWrite_schematic
Automatic FSM Extraction           : YES
FSM Encoding Algorithm             : Auto
Safe Implementation                : No
FSM Style                          : LUT
RAM Extraction                     : Yes
RAM Style                          : Auto
ROM Extraction                     : Yes
Mux Style                          : Auto
Decoder Extraction                 : YES
Priority Encoder Extraction        : Yes
Shift Register Extraction          : YES
Logical Shifter Extraction         : YES
XOR Collapsing                     : YES
ROM Style                          : Auto
Mux Extraction                     : Yes
Resource Sharing                   : YES
Asynchronous To Synchronous        : NO
Multiplier Style                   : Auto
Automatic Register Balancing       : No

---- Target Options
Add IO Buffers                     : YES
Global Maximum Fanout              : 100000
Add Generic Clock Buffer(BUFG)     : 24
Register Duplication               : YES
Slice Packing                      : YES
Optimize Instantiated Primitives   : NO
Use Clock Enable                   : Yes
Use Synchronous Set                : Yes
Use Synchronous Reset              : Yes
Pack IO Registers into IOBs        : Auto
Equivalent register Removal        : YES

---- General Options
Optimization Goal                  : Speed
Optimization Effort                : 1
Keep Hierarchy                     : No
Netlist Hierarchy                  : As_Optimized
RTL Output                         : Yes
Global Optimization                : AllClockNets
Read Cores                         : YES
Write Timing Constraints           : NO
Cross Clock Analysis               : NO
Hierarchy Separator                : /
Bus Delimiter                      : <>
Case Specifier                     : Maintain
Slice Utilization Ratio            : 100
BRAM Utilization Ratio             : 100
Verilog 2001                       : YES
Auto BRAM Packing                  : NO
Slice Utilization Ratio Delta      : 5

=========================================================================


=========================================================================
*                          HDL Compilation                              *
=========================================================================
Compiling vhdl file "C:/Users/lab/Desktop/NeoOrgan_v5/NeoOrgan/kdbModule.vhd" in Library work.
Architecture behavioral of Entity kbdmodule is up to date.
Compiling vhdl file "C:/Users/lab/Desktop/NeoOrgan_v5/NeoOrgan/pila_beh.vhd" in Library work.
Architecture behavioral of Entity pila_beh is up to date.
Compiling vhdl file "C:/Users/lab/Desktop/NeoOrgan_v5/NeoOrgan/kbdVGAconverter.vhd" in Library work.
Entity <kbdvgaconverter> compiled.
Entity <kbdvgaconverter> (Architecture <behavioral>) compiled.
Compiling vhdl file "C:/Users/lab/Desktop/NeoOrgan_v5/NeoOrgan/nieTylko_dacWrite_schematic.vhf" in Library work.
Architecture behavioral of Entity nietylko_dacwrite_schematic is up to date.

=========================================================================
*                     Design Hierarchy Analysis                         *
=========================================================================
Analyzing hierarchy for entity <nieTylko_dacWrite_schematic> in library <work> (architecture <behavioral>).

Analyzing hierarchy for entity <kbdModule> in library <work> (architecture <behavioral>).

Analyzing hierarchy for entity <pila_beh> in library <work> (architecture <behavioral>).

Analyzing hierarchy for entity <kbdVGAconverter> in library <work> (architecture <behavioral>).


=========================================================================
*                            HDL Analysis                               *
=========================================================================
Analyzing Entity <nieTylko_dacWrite_schematic> in library <work> (Architecture <behavioral>).
WARNING:Xst:753 - "C:/Users/lab/Desktop/NeoOrgan_v5/NeoOrgan/nieTylko_dacWrite_schematic.vhf" line 173: Unconnected output port 'Busy' of component 'DACWrite'.
WARNING:Xst:2211 - "C:/Users/lab/Desktop/NeoOrgan_v5/NeoOrgan/nieTylko_dacWrite_schematic.vhf" line 173: Instantiating black box module <DACWrite>.
WARNING:Xst:2211 - "C:/Users/lab/Desktop/NeoOrgan_v5/NeoOrgan/nieTylko_dacWrite_schematic.vhf" line 193: Instantiating black box module <PS2_Kbd>.
WARNING:Xst:2211 - "C:/Users/lab/Desktop/NeoOrgan_v5/NeoOrgan/nieTylko_dacWrite_schematic.vhf" line 219: Instantiating black box module <VGAtxt48x20>.
WARNING:Xst:753 - "C:/Users/lab/Desktop/NeoOrgan_v5/NeoOrgan/nieTylko_dacWrite_schematic.vhf" line 247: Unconnected output port 'Busy' of component 'kbdVGAconverter'.
Entity <nieTylko_dacWrite_schematic> analyzed. Unit <nieTylko_dacWrite_schematic> generated.

Analyzing Entity <kbdModule> in library <work> (Architecture <behavioral>).
Entity <kbdModule> analyzed. Unit <kbdModule> generated.

Analyzing Entity <pila_beh> in library <work> (Architecture <behavioral>).
Entity <pila_beh> analyzed. Unit <pila_beh> generated.

Analyzing Entity <kbdVGAconverter> in library <work> (Architecture <behavioral>).
Entity <kbdVGAconverter> analyzed. Unit <kbdVGAconverter> generated.


=========================================================================
*                           HDL Synthesis                               *
=========================================================================

Performing bidirectional port resolution...

Synthesizing Unit <kbdModule>.
    Related source file is "C:/Users/lab/Desktop/NeoOrgan_v5/NeoOrgan/kdbModule.vhd".
    Found 4-bit register for signal <frequency>.
    Summary:
	inferred   4 D-type flip-flop(s).
Unit <kbdModule> synthesized.


Synthesizing Unit <pila_beh>.
    Related source file is "C:/Users/lab/Desktop/NeoOrgan_v5/NeoOrgan/pila_beh.vhd".
WARNING:Xst:646 - Signal <freq_temp<31:13>> is assigned but never used. This unconnected signal will be trimmed during the optimization process.
WARNING:Xst:1780 - Signal <clk_cnt> is never used or assigned. This unconnected signal will be trimmed during the optimization process.
    Found 16x32-bit ROM for signal <freq_temp>.
    Found 1-bit register for signal <Start>.
    Found 12-bit up counter for signal <counter>.
    Found 5-bit up counter for signal <data_sample>.
    Found 13-bit comparator equal for signal <data_sample$cmp_eq0000> created at line 82.
    Summary:
	inferred   1 ROM(s).
	inferred   2 Counter(s).
	inferred   1 D-type flip-flop(s).
	inferred   1 Comparator(s).
Unit <pila_beh> synthesized.


Synthesizing Unit <kbdVGAconverter>.
    Related source file is "C:/Users/lab/Desktop/NeoOrgan_v5/NeoOrgan/kbdVGAconverter.vhd".
    Found finite state machine <FSM_0> for signal <State>.
    -----------------------------------------------------------------------
    | States             | 6                                              |
    | Transitions        | 9                                              |
    | Inputs             | 2                                              |
    | Outputs            | 3                                              |
    | Clock              | Clk                       (rising_edge)        |
    | Reset              | Reset                     (positive)           |
    | Reset type         | asynchronous                                   |
    | Reset State        | sreset                                         |
    | Power Up State     | sreset                                         |
    | Encoding           | automatic                                      |
    | Implementation     | LUT                                            |
    -----------------------------------------------------------------------
    Found 8-bit register for signal <regDI>.
    Summary:
	inferred   1 Finite State Machine(s).
	inferred   8 D-type flip-flop(s).
Unit <kbdVGAconverter> synthesized.


Synthesizing Unit <nieTylko_dacWrite_schematic>.
    Related source file is "C:/Users/lab/Desktop/NeoOrgan_v5/NeoOrgan/nieTylko_dacWrite_schematic.vhf".
WARNING:Xst:653 - Signal <XLXI_21_ScrollEn_openSignal> is used but never assigned. This sourceless signal will be automatically connected to value 0.
WARNING:Xst:653 - Signal <XLXI_21_ScrollClear_openSignal> is used but never assigned. This sourceless signal will be automatically connected to value 0.
WARNING:Xst:653 - Signal <XLXI_21_NewLine_openSignal> is used but never assigned. This sourceless signal will be automatically connected to value 0.
WARNING:Xst:653 - Signal <XLXI_21_Home_openSignal> is used but never assigned. This sourceless signal will be automatically connected to value 0.
WARNING:Xst:653 - Signal <XLXI_21_Goto00_openSignal> is used but never assigned. This sourceless signal will be automatically connected to value 0.
WARNING:Xst:653 - Signal <XLXI_21_CursorOn_openSignal> is used but never assigned. This sourceless signal will be automatically connected to value 0.
WARNING:Xst:653 - Signal <XLXI_1_Reset_openSignal> is used but never assigned. This sourceless signal will be automatically connected to value 0.
WARNING:Xst:653 - Signal <SPI_MISO_DUMMY> is used but never assigned. This sourceless signal will be automatically connected to value 0.
Unit <nieTylko_dacWrite_schematic> synthesized.


=========================================================================
HDL Synthesis Report

Macro Statistics
# ROMs                                                 : 1
 16x32-bit ROM                                         : 1
# Counters                                             : 2
 12-bit up counter                                     : 1
 5-bit up counter                                      : 1
# Registers                                            : 3
 1-bit register                                        : 1
 4-bit register                                        : 1
 8-bit register                                        : 1
# Comparators                                          : 1
 13-bit comparator equal                               : 1

=========================================================================

=========================================================================
*                       Advanced HDL Synthesis                          *
=========================================================================

Analyzing FSM <FSM_0> for best encoding.
Optimizing FSM <XLXI_26/State/FSM> on signal <State[1:3]> with gray encoding.
--------------------
 State  | Encoding
--------------------
 sreset | 000
 sready | 001
 swaith | 011
 ssendh | 010
 swaitl | 110
 ssendl | 111
--------------------
Reading core <DACWrite.ngc>.
Reading core <PS2_Kbd.ngc>.
Reading core <VGAtxt48x20.ngc>.
Loading core <DACWrite> for timing and area information for instance <XLXI_1>.
Loading core <PS2_Kbd> for timing and area information for instance <XLXI_9>.
Loading core <VGAtxt48x20> for timing and area information for instance <XLXI_21>.

=========================================================================
Advanced HDL Synthesis Report

Macro Statistics
# FSMs                                                 : 1
# ROMs                                                 : 1
 16x32-bit ROM                                         : 1
# Counters                                             : 2
 12-bit up counter                                     : 1
 5-bit up counter                                      : 1
# Registers                                            : 13
 Flip-Flops                                            : 13
# Comparators                                          : 1
 13-bit comparator equal                               : 1

=========================================================================

=========================================================================
*                         Low Level Synthesis                           *
=========================================================================

Optimizing unit <nieTylko_dacWrite_schematic> ...

Optimizing unit <kbdModule> ...

Optimizing unit <kbdVGAconverter> ...

Mapping all equations...
Building and optimizing final netlist ...
Found area constraint ratio of 100 (+ 5) on block nieTylko_dacWrite_schematic, actual ratio is 4.

Final Macro Processing ...

=========================================================================
Final Register Report

Macro Statistics
# Registers                                            : 33
 Flip-Flops                                            : 33

=========================================================================

=========================================================================
*                           Partition Report                            *
=========================================================================

Partition Implementation Status
-------------------------------

  No Partitions were found in this design.

-------------------------------

=========================================================================
*                            Final Report                               *
=========================================================================
Final Results
RTL Top Level Output File Name     : nieTylko_dacWrite_schematic.ngr
Top Level Output File Name         : nieTylko_dacWrite_schematic
Output Format                      : NGC
Optimization Goal                  : Speed
Keep Hierarchy                     : No

Design Statistics
# IOs                              : 18

Cell Usage :
# BELS                             : 582
#      AND2                        : 1
#      AND3                        : 4
#      AND3B1                      : 4
#      AND3B2                      : 1
#      BUF                         : 3
#      GND                         : 4
#      INV                         : 21
#      LUT1                        : 61
#      LUT2                        : 54
#      LUT2_L                      : 4
#      LUT3                        : 61
#      LUT3_D                      : 2
#      LUT3_L                      : 3
#      LUT4                        : 147
#      LUT4_D                      : 8
#      LUT4_L                      : 13
#      MUXCY                       : 78
#      MUXF5                       : 24
#      MUXF5_L                     : 2
#      MUXF6                       : 6
#      OR2                         : 5
#      VCC                         : 4
#      XOR2                        : 1
#      XORCY                       : 71
# FlipFlops/Latches                : 223
#      FD                          : 53
#      FDC                         : 3
#      FDE                         : 87
#      FDR                         : 33
#      FDRE                        : 44
#      FDRSE                       : 2
#      FDSE                        : 1
# RAMS                             : 2
#      RAMB16_S9                   : 1
#      RAMB16_S9_S9                : 1
# Shift Registers                  : 3
#      SRL16                       : 3
# Clock Buffers                    : 1
#      BUFGP                       : 1
# IO Buffers                       : 17
#      IBUF                        : 2
#      OBUF                        : 15
=========================================================================

Device utilization summary:
---------------------------

Selected Device : 3s500efg320-4 

 Number of Slices:                      224  out of   4656     4%  
 Number of Slice Flip Flops:            223  out of   9312     2%  
 Number of 4 input LUTs:                377  out of   9312     4%  
    Number used as logic:               374
    Number used as Shift registers:       3
 Number of IOs:                          18
 Number of bonded IOBs:                  18  out of    232     7%  
 Number of BRAMs:                         2  out of     20    10%  
 Number of GCLKs:                         1  out of     24     4%  

---------------------------
Partition Resource Summary:
---------------------------

  No Partitions were found in this design.

---------------------------


=========================================================================
TIMING REPORT

NOTE: THESE TIMING NUMBERS ARE ONLY A SYNTHESIS ESTIMATE.
      FOR ACCURATE TIMING INFORMATION PLEASE REFER TO THE TRACE REPORT
      GENERATED AFTER PLACE-and-ROUTE.

Clock Information:
------------------
-----------------------------------+------------------------+-------+
Clock Signal                       | Clock buffer(FF name)  | Load  |
-----------------------------------+------------------------+-------+
Clk                                | BUFGP                  | 228   |
-----------------------------------+------------------------+-------+

Asynchronous Control Signals Information:
----------------------------------------
-----------------------------------+-----------------------------+-------+
Control Signal                     | Buffer(FF name)             | Load  |
-----------------------------------+-----------------------------+-------+
XLXN_50(XLXI_29:G)                 | NONE(XLXI_26/State_FSM_FFd1)| 3     |
-----------------------------------+-----------------------------+-------+

Timing Summary:
---------------
Speed Grade: -4

   Minimum period: 10.540ns (Maximum Frequency: 94.877MHz)
   Minimum input arrival time before clock: 3.980ns
   Maximum output required time after clock: 5.620ns
   Maximum combinational path delay: 7.178ns

Timing Detail:
--------------
All values displayed in nanoseconds (ns)

=========================================================================
Timing constraint: Default period analysis for Clock 'Clk'
  Clock period: 10.540ns (frequency: 94.877MHz)
  Total number of paths / destination ports: 5660 / 463
-------------------------------------------------------------------------
Delay:               10.540ns (Levels of Logic = 9)
  Source:            XLXI_26/regDI_4 (FF)
  Destination:       XLXI_21/I_CursorCnt/LineCnt_4 (FF)
  Source Clock:      Clk rising
  Destination Clock: Clk rising

  Data Path: XLXI_26/regDI_4 to XLXI_21/I_CursorCnt/LineCnt_4
                                Gate     Net
    Cell:in->out      fanout   Delay   Delay  Logical Name (Net Name)
    ----------------------------------------  ------------
     FDE:C->Q             10   0.591   1.057  XLXI_26/regDI_4 (XLXI_26/regDI_4)
     LUT4:I0->O            3   0.704   0.566  XLXI_26/DORdy_and00001105 (XLXI_26/DORdy_and00001105)
     LUT4:I2->O            1   0.704   0.000  XLXI_26/DORdy_and0000179_SW0_G (N36)
     MUXF5:I1->O           1   0.321   0.424  XLXI_26/DORdy_and0000179_SW0 (N32)
     LUT4:I3->O            6   0.704   0.844  XLXI_26/DORdy_and0000 (XLXN_37)
     begin scope: 'XLXI_21'
     LUT4:I0->O            1   0.704   0.455  I_CursorCnt/LineCnt_mux0001<2>150_SW0 (N46)
     LUT4:I2->O            1   0.704   0.455  I_CursorCnt/LineCnt_mux0001<2>150 (I_CursorCnt/LineCnt_mux0001<2>150)
     LUT4_D:I2->O          4   0.704   0.591  I_CursorCnt/LineCnt_mux0001<2>179 (I_CursorCnt/N6)
     LUT4:I3->O            1   0.704   0.000  I_CursorCnt/LineCnt_mux0001<3>1 (I_CursorCnt/LineCnt_mux0001<3>)
     FDE:D                     0.308          I_CursorCnt/LineCnt_3
    ----------------------------------------
    Total                     10.540ns (6.148ns logic, 4.392ns route)
                                       (58.3% logic, 41.7% route)

=========================================================================
Timing constraint: Default OFFSET IN BEFORE for Clock 'Clk'
  Total number of paths / destination ports: 3 / 3
-------------------------------------------------------------------------
Offset:              3.980ns (Levels of Logic = 4)
  Source:            PS2_Data (PAD)
  Destination:       XLXI_9/ByteRdy (FF)
  Destination Clock: Clk rising

  Data Path: PS2_Data to XLXI_9/ByteRdy
                                Gate     Net
    Cell:in->out      fanout   Delay   Delay  Logical Name (Net Name)
    ----------------------------------------  ------------
     IBUF:I->O             2   1.218   0.622  PS2_Data_IBUF (PS2_Data_IBUF)
     begin scope: 'XLXI_9'
     LUT2:I0->O            1   0.704   0.424  ByteRdy_and0000_SW0_SW0 (N6)
     LUT4:I3->O            1   0.704   0.000  ByteRdy_and0000 (ByteRdy_and0000)
     FDR:D                     0.308          ByteRdy
    ----------------------------------------
    Total                      3.980ns (2.934ns logic, 1.046ns route)
                                       (73.7% logic, 26.3% route)

=========================================================================
Timing constraint: Default OFFSET OUT AFTER for Clock 'Clk'
  Total number of paths / destination ports: 7 / 7
-------------------------------------------------------------------------
Offset:              5.620ns (Levels of Logic = 3)
  Source:            XLXI_1/iBusy (FF)
  Destination:       DAC_CS (PAD)
  Source Clock:      Clk rising

  Data Path: XLXI_1/iBusy to DAC_CS
                                Gate     Net
    Cell:in->out      fanout   Delay   Delay  Logical Name (Net Name)
    ----------------------------------------  ------------
     FDRSE:C->Q            5   0.591   0.633  iBusy (iBusy)
     INV:I->O              1   0.704   0.420  DAC_CS1_INV_0 (DAC_CS)
     end scope: 'XLXI_1'
     OBUF:I->O                 3.272          DAC_CS_OBUF (DAC_CS)
    ----------------------------------------
    Total                      5.620ns (4.567ns logic, 1.053ns route)
                                       (81.3% logic, 18.7% route)

=========================================================================
Timing constraint: Default path analysis
  Total number of paths / destination ports: 1 / 1
-------------------------------------------------------------------------
Delay:               7.178ns (Levels of Logic = 4)
  Source:            Clk (PAD)
  Destination:       SPI_SCK (PAD)

  Data Path: Clk to SPI_SCK
                                Gate     Net
    Cell:in->out      fanout   Delay   Delay  Logical Name (Net Name)
    ----------------------------------------  ------------
     BUFGP:I->O          230   1.457   1.325  Clk_BUFGP (Clk_BUFGP)
     begin scope: 'XLXI_1'
     INV:I->O              1   0.704   0.420  SPI_SCK1_INV_0 (SPI_SCK)
     end scope: 'XLXI_1'
     OBUF:I->O                 3.272          SPI_SCK_OBUF (SPI_SCK)
    ----------------------------------------
    Total                      7.178ns (5.433ns logic, 1.745ns route)
                                       (75.7% logic, 24.3% route)

=========================================================================


Total REAL time to Xst completion: 5.00 secs
Total CPU time to Xst completion: 4.97 secs
 
--> 

Total memory usage is 4532228 kilobytes

Number of errors   :    0 (   0 filtered)
Number of warnings :   15 (   0 filtered)
Number of infos    :    0 (   0 filtered)

