Command line:
   kbdVGAconverter_tb_isim_beh.exe
     -simmode  gui
     -simrunnum  0
     -socket  62984

Sat Jun 08 13:40:51 2024


 Elaboration Time: 0.015625 sec

 Current Memory Usage: 5151.39 Meg

 Total Signals          : 20
 Total Nets             : 40
 Total Signal Drivers   : 9
 Total Blocks           : 5
 Total Primitive Blocks : 4
 Total Processes        : 9
 Total Traceable Variables  : 10
 Total Scalar Nets and Variables : 418
Total Line Count : 72
Total Line Count : 72

 Total Simulation Time: 0.03125 sec

 Current Memory Usage: 4994.1 Meg

Sat Jun 08 13:42:52 2024

